<?xml version="1.0" encoding="UTF-8"?>
<!-- Generated by org.testng.reporters.JUnitXMLReporter -->
<testsuite ignored="0" hostname="MCSW69SLPC0021" failures="2" tests="10" name="Test" time="1852.887" errors="0" timestamp="2025-02-05T16:31:24 IST">
  <testcase classname="textscripts.TC_10_SuggestionSelection" name="checkOut" time="233.876"/>
  <testcase classname="textscripts.TC_02_AddingAndRemovingProductFromWishlist" name="addingRemovingProductFromWishlist" time="114.808"/>
  <testcase classname="textscripts.TC_04_InitializingCheckout" name="Initalize" time="184.152"/>
  <testcase classname="textscripts.TC_01_AddProductToWishlistAndCart" name="addProductToWishlistandCart" time="195.527">
    <failure type="java.lang.AssertionError" message="expected [Your Shopping Cart] but found [Wishlist]">
      <![CDATA[java.lang.AssertionError: expected [Your Shopping Cart] but found [Wishlist]
at textscripts.TC_01_AddProductToWishlistAndCart.addProductToWishlistandCart(TC_01_AddProductToWishlistAndCart.java:83)
at java.base/java.util.ArrayList.forEach(ArrayList.java:1596)
... Removed 31 stack frames]]>
    </failure>
  </testcase> <!-- addProductToWishlistandCart -->
  <testcase classname="textscripts.TC_06_AddAddress" name="addingAddress" time="101.917"/>
  <testcase classname="textscripts.TC_07_DeleteAddress" name="deletingAddress" time="102.421"/>
  <testcase classname="textscripts.TC_05_CheckingManufacturerPincode" name="manufacturerPincodeChecking" time="184.492"/>
  <testcase classname="textscripts.TC_08_ResetFilterAddToWishlist" name="enterDetails" time="99.109"/>
  <testcase classname="textscripts.TC_09_DateOldToNew" name="filterOldToNew" time="98.451"/>
  <testcase classname="textscripts.TC_03_CheckingPincodeTextbox" name="pinCodeVerification" time="135.631">
    <failure type="org.openqa.selenium.StaleElementReferenceException" message="stale element reference: stale element not found in the current frame
  (Session info: MicrosoftEdge=132.0.2957.140)
For documentation on this error, please visit: https://www.selenium.dev/documentation/webdriver/troubleshooting/errors#stale-element-reference-exception
Build info: version: &amp;apos;4.27.0&amp;apos;, revision: &amp;apos;d6e718d134&amp;apos;
System info: os.name: &amp;apos;Windows 11&amp;apos;, os.arch: &amp;apos;amd64&amp;apos;, os.version: &amp;apos;10.0&amp;apos;, java.version: &amp;apos;21.0.3&amp;apos;
Driver info: org.openqa.selenium.edge.EdgeDriver
Command: [9dd1f47915d02a13db5a4809f3add564, clickElement {id=f.58CB5400B6B9F5171B8067C5E6BF6B8D.d.A7A5237DEE18F01AC8A3BE7F16B5AED0.e.376}]
Capabilities {acceptInsecureCerts: false, browserName: MicrosoftEdge, browserVersion: 132.0.2957.140, fedcm:accounts: true, ms:edgeOptions: {debuggerAddress: localhost:61717}, msedge: {msedgedriverVersion: 132.0.2957.140 (a81e27b375d..., userDataDir: C:\Users\ks114163\AppData\L...}, networkConnectionEnabled: false, pageLoadStrategy: normal, platformName: windows, proxy: Proxy(), se:cdp: ws://localhost:61717/devtoo..., se:cdpVersion: 132.0.2957.140, setWindowRect: true, strictFileInteractability: false, timeouts: {implicit: 0, pageLoad: 300000, script: 30000}, unhandledPromptBehavior: dismiss and notify, webauthn:extension:credBlob: true, webauthn:extension:largeBlob: true, webauthn:extension:minPinLength: true, webauthn:extension:prf: true, webauthn:virtualAuthenticators: true}
Element: [[EdgeDriver: MicrosoftEdge on windows (9dd1f47915d02a13db5a4809f3add564)] -&amp;gt; xpath: (//img[@class=&amp;apos;product-item__secondary-image&amp;apos;])[1]]
Session ID: 9dd1f47915d02a13db5a4809f3add564">
      <![CDATA[org.openqa.selenium.StaleElementReferenceException: stale element reference: stale element not found in the current frame
  (Session info: MicrosoftEdge=132.0.2957.140)
For documentation on this error, please visit: https://www.selenium.dev/documentation/webdriver/troubleshooting/errors#stale-element-reference-exception
Build info: version: '4.27.0', revision: 'd6e718d134'
System info: os.name: 'Windows 11', os.arch: 'amd64', os.version: '10.0', java.version: '21.0.3'
Driver info: org.openqa.selenium.edge.EdgeDriver
Command: [9dd1f47915d02a13db5a4809f3add564, clickElement {id=f.58CB5400B6B9F5171B8067C5E6BF6B8D.d.A7A5237DEE18F01AC8A3BE7F16B5AED0.e.376}]
Capabilities {acceptInsecureCerts: false, browserName: MicrosoftEdge, browserVersion: 132.0.2957.140, fedcm:accounts: true, ms:edgeOptions: {debuggerAddress: localhost:61717}, msedge: {msedgedriverVersion: 132.0.2957.140 (a81e27b375d..., userDataDir: C:\Users\ks114163\AppData\L...}, networkConnectionEnabled: false, pageLoadStrategy: normal, platformName: windows, proxy: Proxy(), se:cdp: ws://localhost:61717/devtoo..., se:cdpVersion: 132.0.2957.140, setWindowRect: true, strictFileInteractability: false, timeouts: {implicit: 0, pageLoad: 300000, script: 30000}, unhandledPromptBehavior: dismiss and notify, webauthn:extension:credBlob: true, webauthn:extension:largeBlob: true, webauthn:extension:minPinLength: true, webauthn:extension:prf: true, webauthn:virtualAuthenticators: true}
Element: [[EdgeDriver: MicrosoftEdge on windows (9dd1f47915d02a13db5a4809f3add564)] -> xpath: (//img[@class='product-item__secondary-image'])[1]]
Session ID: 9dd1f47915d02a13db5a4809f3add564
at org.openqa.selenium.remote.ErrorCodec.decode(ErrorCodec.java:167)
at org.openqa.selenium.remote.codec.w3c.W3CHttpResponseCodec.decode(W3CHttpResponseCodec.java:138)
at org.openqa.selenium.remote.codec.w3c.W3CHttpResponseCodec.decode(W3CHttpResponseCodec.java:50)
at org.openqa.selenium.remote.HttpCommandExecutor.execute(HttpCommandExecutor.java:190)
at org.openqa.selenium.remote.service.DriverCommandExecutor.invokeExecute(DriverCommandExecutor.java:216)
at org.openqa.selenium.remote.service.DriverCommandExecutor.execute(DriverCommandExecutor.java:174)
at org.openqa.selenium.remote.RemoteWebDriver.execute(RemoteWebDriver.java:545)
at org.openqa.selenium.remote.RemoteWebElement.execute(RemoteWebElement.java:223)
at org.openqa.selenium.remote.RemoteWebElement.click(RemoteWebElement.java:76)
at org.openqa.selenium.support.pagefactory.internal.LocatingElementHandler.invoke(LocatingElementHandler.java:51)
at jdk.proxy2/jdk.proxy2.$Proxy30.click(Unknown Source)
at pom.RoundNeckProductPage.selectProductClick(RoundNeckProductPage.java:24)
at textscripts.TC_03_CheckingPincodeTextbox.pinCodeVerification(TC_03_CheckingPincodeTextbox.java:46)
at java.base/java.util.ArrayList.forEach(ArrayList.java:1596)
... Removed 30 stack frames]]>
    </failure>
  </testcase> <!-- pinCodeVerification -->
</testsuite> <!-- Test -->
