<?xml version="1.0" encoding="UTF-8"?>
<testng-results ignored="0" total="10" passed="8" failed="2" skipped="0">
  <reporter-output>
  </reporter-output>
  <suite started-at="2025-02-05T16:00:30 IST" name="Suite" finished-at="2025-02-05T16:31:23 IST" duration-ms="1852887">
    <groups>
    </groups>
    <test started-at="2025-02-05T16:00:30 IST" name="Test" finished-at="2025-02-05T16:31:23 IST" duration-ms="1852887">
      <class name="textscripts.TC_05_CheckingManufacturerPincode">
        <test-method is-config="true" signature="openApp()[pri:0, instance:textscripts.TC_05_CheckingManufacturerPincode@942a29c]" started-at="2025-02-05T16:19:53 IST" name="openApp" finished-at="2025-02-05T16:20:35 IST" duration-ms="41062" status="PASS">
          <reporter-output>
          </reporter-output>
        </test-method> <!-- openApp -->
        <test-method signature="manufacturerPincodeChecking()[pri:0, instance:textscripts.TC_05_CheckingManufacturerPincode@942a29c]" started-at="2025-02-05T16:20:35 IST" name="manufacturerPincodeChecking" finished-at="2025-02-05T16:23:39 IST" duration-ms="184492" status="PASS">
          <reporter-output>
          </reporter-output>
        </test-method> <!-- manufacturerPincodeChecking -->
        <test-method is-config="true" signature="closeApp()[pri:0, instance:textscripts.TC_05_CheckingManufacturerPincode@942a29c]" started-at="2025-02-05T16:23:39 IST" name="closeApp" finished-at="2025-02-05T16:23:41 IST" duration-ms="1769" status="PASS">
          <reporter-output>
          </reporter-output>
        </test-method> <!-- closeApp -->
      </class> <!-- textscripts.TC_05_CheckingManufacturerPincode -->
      <class name="textscripts.TC_04_InitializingCheckout">
        <test-method is-config="true" signature="openApp()[pri:0, instance:textscripts.TC_04_InitializingCheckout@2d52216b]" started-at="2025-02-05T16:07:45 IST" name="openApp" finished-at="2025-02-05T16:08:24 IST" duration-ms="39732" status="PASS">
          <reporter-output>
          </reporter-output>
        </test-method> <!-- openApp -->
        <test-method signature="Initalize()[pri:0, instance:textscripts.TC_04_InitializingCheckout@2d52216b]" started-at="2025-02-05T16:08:24 IST" name="Initalize" finished-at="2025-02-05T16:11:28 IST" duration-ms="184152" status="PASS">
          <reporter-output>
          </reporter-output>
        </test-method> <!-- Initalize -->
        <test-method is-config="true" signature="closeApp()[pri:0, instance:textscripts.TC_04_InitializingCheckout@2d52216b]" started-at="2025-02-05T16:11:28 IST" name="closeApp" finished-at="2025-02-05T16:11:34 IST" duration-ms="5219" status="PASS">
          <reporter-output>
          </reporter-output>
        </test-method> <!-- closeApp -->
      </class> <!-- textscripts.TC_04_InitializingCheckout -->
      <class name="textscripts.TC_09_DateOldToNew">
        <test-method is-config="true" signature="openApp()[pri:0, instance:textscripts.TC_09_DateOldToNew@5a45133e]" started-at="2025-02-05T16:26:02 IST" name="openApp" finished-at="2025-02-05T16:26:41 IST" duration-ms="39368" status="PASS">
          <reporter-output>
          </reporter-output>
        </test-method> <!-- openApp -->
        <test-method signature="filterOldToNew()[pri:0, instance:textscripts.TC_09_DateOldToNew@5a45133e]" started-at="2025-02-05T16:26:41 IST" name="filterOldToNew" finished-at="2025-02-05T16:28:20 IST" duration-ms="98451" status="PASS">
          <reporter-output>
          </reporter-output>
        </test-method> <!-- filterOldToNew -->
        <test-method is-config="true" signature="closeApp()[pri:0, instance:textscripts.TC_09_DateOldToNew@5a45133e]" started-at="2025-02-05T16:28:20 IST" name="closeApp" finished-at="2025-02-05T16:28:23 IST" duration-ms="3412" status="PASS">
          <reporter-output>
          </reporter-output>
        </test-method> <!-- closeApp -->
      </class> <!-- textscripts.TC_09_DateOldToNew -->
      <class name="textscripts.TC_08_ResetFilterAddToWishlist">
        <test-method is-config="true" signature="openApp()[pri:0, instance:textscripts.TC_08_ResetFilterAddToWishlist@1ed6388a]" started-at="2025-02-05T16:23:41 IST" name="openApp" finished-at="2025-02-05T16:24:21 IST" duration-ms="39850" status="PASS">
          <reporter-output>
          </reporter-output>
        </test-method> <!-- openApp -->
        <test-method signature="enterDetails()[pri:0, instance:textscripts.TC_08_ResetFilterAddToWishlist@1ed6388a]" started-at="2025-02-05T16:24:21 IST" name="enterDetails" finished-at="2025-02-05T16:26:00 IST" duration-ms="99109" status="PASS">
          <reporter-output>
          </reporter-output>
        </test-method> <!-- enterDetails -->
        <test-method is-config="true" signature="closeApp()[pri:0, instance:textscripts.TC_08_ResetFilterAddToWishlist@1ed6388a]" started-at="2025-02-05T16:26:00 IST" name="closeApp" finished-at="2025-02-05T16:26:02 IST" duration-ms="2277" status="PASS">
          <reporter-output>
          </reporter-output>
        </test-method> <!-- closeApp -->
      </class> <!-- textscripts.TC_08_ResetFilterAddToWishlist -->
      <class name="textscripts.TC_01_AddProductToWishlistAndCart">
        <test-method is-config="true" signature="openApp()[pri:0, instance:textscripts.TC_01_AddProductToWishlistAndCart@242b836]" started-at="2025-02-05T16:11:34 IST" name="openApp" finished-at="2025-02-05T16:11:41 IST" duration-ms="7583" status="PASS">
          <reporter-output>
          </reporter-output>
        </test-method> <!-- openApp -->
        <test-method signature="addProductToWishlistandCart()[pri:0, instance:textscripts.TC_01_AddProductToWishlistAndCart@242b836]" started-at="2025-02-05T16:11:41 IST" name="addProductToWishlistandCart" finished-at="2025-02-05T16:14:57 IST" duration-ms="195527" status="FAIL">
          <exception class="java.lang.AssertionError">
            <message>
              <![CDATA[expected [Your Shopping Cart] but found [Wishlist]]]>
            </message>
            <full-stacktrace>
              <![CDATA[java.lang.AssertionError: expected [Your Shopping Cart] but found [Wishlist]
at org.testng.Assert.fail(Assert.java:99)
at org.testng.Assert.failNotEquals(Assert.java:1037)
at org.testng.Assert.assertEqualsImpl(Assert.java:140)
at org.testng.Assert.assertEquals(Assert.java:122)
at org.testng.Assert.assertEquals(Assert.java:629)
at org.testng.Assert.assertEquals(Assert.java:639)
at textscripts.TC_01_AddProductToWishlistAndCart.addProductToWishlistandCart(TC_01_AddProductToWishlistAndCart.java:83)
at java.base/jdk.internal.reflect.DirectMethodHandleAccessor.invoke(DirectMethodHandleAccessor.java:103)
at java.base/java.lang.reflect.Method.invoke(Method.java:580)
at org.testng.internal.MethodInvocationHelper.invokeMethod(MethodInvocationHelper.java:133)
at org.testng.internal.TestInvoker.invokeMethod(TestInvoker.java:598)
at org.testng.internal.TestInvoker.invokeTestMethod(TestInvoker.java:173)
at org.testng.internal.MethodRunner.runInSequence(MethodRunner.java:46)
at org.testng.internal.TestInvoker$MethodInvocationAgent.invoke(TestInvoker.java:824)
at org.testng.internal.TestInvoker.invokeTestMethods(TestInvoker.java:146)
at org.testng.internal.TestMethodWorker.invokeTestMethods(TestMethodWorker.java:146)
at org.testng.internal.TestMethodWorker.run(TestMethodWorker.java:128)
at java.base/java.util.ArrayList.forEach(ArrayList.java:1596)
at org.testng.TestRunner.privateRun(TestRunner.java:794)
at org.testng.TestRunner.run(TestRunner.java:596)
at org.testng.SuiteRunner.runTest(SuiteRunner.java:377)
at org.testng.SuiteRunner.runSequentially(SuiteRunner.java:371)
at org.testng.SuiteRunner.privateRun(SuiteRunner.java:332)
at org.testng.SuiteRunner.run(SuiteRunner.java:276)
at org.testng.SuiteRunnerWorker.runSuite(SuiteRunnerWorker.java:53)
at org.testng.SuiteRunnerWorker.run(SuiteRunnerWorker.java:96)
at org.testng.TestNG.runSuitesSequentially(TestNG.java:1212)
at org.testng.TestNG.runSuitesLocally(TestNG.java:1134)
at org.testng.TestNG.runSuites(TestNG.java:1063)
at org.testng.TestNG.run(TestNG.java:1031)
at org.testng.remote.AbstractRemoteTestNG.run(AbstractRemoteTestNG.java:115)
at org.testng.remote.RemoteTestNG.initAndRun(RemoteTestNG.java:293)
at org.testng.remote.RemoteTestNG.main(RemoteTestNG.java:91)
]]>
            </full-stacktrace>
          </exception> <!-- java.lang.AssertionError -->
          <reporter-output>
          </reporter-output>
        </test-method> <!-- addProductToWishlistandCart -->
        <test-method is-config="true" signature="closeApp()[pri:0, instance:textscripts.TC_01_AddProductToWishlistAndCart@242b836]" started-at="2025-02-05T16:14:57 IST" name="closeApp" finished-at="2025-02-05T16:15:05 IST" duration-ms="8377" status="PASS">
          <reporter-output>
          </reporter-output>
        </test-method> <!-- closeApp -->
      </class> <!-- textscripts.TC_01_AddProductToWishlistAndCart -->
      <class name="textscripts.TC_06_AddAddress">
        <test-method is-config="true" signature="openApp()[pri:0, instance:textscripts.TC_06_AddAddress@3f6f6701]" started-at="2025-02-05T16:15:05 IST" name="openApp" finished-at="2025-02-05T16:15:45 IST" duration-ms="39501" status="PASS">
          <reporter-output>
          </reporter-output>
        </test-method> <!-- openApp -->
        <test-method signature="addingAddress()[pri:0, instance:textscripts.TC_06_AddAddress@3f6f6701]" started-at="2025-02-05T16:15:45 IST" name="addingAddress" finished-at="2025-02-05T16:17:27 IST" duration-ms="101917" status="PASS">
          <reporter-output>
          </reporter-output>
        </test-method> <!-- addingAddress -->
        <test-method is-config="true" signature="closeApp()[pri:0, instance:textscripts.TC_06_AddAddress@3f6f6701]" started-at="2025-02-05T16:17:27 IST" name="closeApp" finished-at="2025-02-05T16:17:29 IST" duration-ms="1807" status="PASS">
          <reporter-output>
          </reporter-output>
        </test-method> <!-- closeApp -->
      </class> <!-- textscripts.TC_06_AddAddress -->
      <class name="textscripts.TC_03_CheckingPincodeTextbox">
        <test-method is-config="true" signature="openApp()[pri:0, instance:textscripts.TC_03_CheckingPincodeTextbox@534a5a98]" started-at="2025-02-05T16:28:23 IST" name="openApp" finished-at="2025-02-05T16:29:04 IST" duration-ms="40632" status="PASS">
          <reporter-output>
          </reporter-output>
        </test-method> <!-- openApp -->
        <test-method signature="pinCodeVerification()[pri:0, instance:textscripts.TC_03_CheckingPincodeTextbox@534a5a98]" started-at="2025-02-05T16:29:04 IST" name="pinCodeVerification" finished-at="2025-02-05T16:31:20 IST" duration-ms="135631" status="FAIL">
          <exception class="org.openqa.selenium.StaleElementReferenceException">
            <message>
              <![CDATA[stale element reference: stale element not found in the current frame
  (Session info: MicrosoftEdge=132.0.2957.140)
For documentation on this error, please visit: https://www.selenium.dev/documentation/webdriver/troubleshooting/errors#stale-element-reference-exception
Build info: version: '4.27.0', revision: 'd6e718d134'
System info: os.name: 'Windows 11', os.arch: 'amd64', os.version: '10.0', java.version: '21.0.3'
Driver info: org.openqa.selenium.edge.EdgeDriver
Command: [9dd1f47915d02a13db5a4809f3add564, clickElement {id=f.58CB5400B6B9F5171B8067C5E6BF6B8D.d.A7A5237DEE18F01AC8A3BE7F16B5AED0.e.376}]
Capabilities {acceptInsecureCerts: false, browserName: MicrosoftEdge, browserVersion: 132.0.2957.140, fedcm:accounts: true, ms:edgeOptions: {debuggerAddress: localhost:61717}, msedge: {msedgedriverVersion: 132.0.2957.140 (a81e27b375d..., userDataDir: C:\Users\ks114163\AppData\L...}, networkConnectionEnabled: false, pageLoadStrategy: normal, platformName: windows, proxy: Proxy(), se:cdp: ws://localhost:61717/devtoo..., se:cdpVersion: 132.0.2957.140, setWindowRect: true, strictFileInteractability: false, timeouts: {implicit: 0, pageLoad: 300000, script: 30000}, unhandledPromptBehavior: dismiss and notify, webauthn:extension:credBlob: true, webauthn:extension:largeBlob: true, webauthn:extension:minPinLength: true, webauthn:extension:prf: true, webauthn:virtualAuthenticators: true}
Element: [[EdgeDriver: MicrosoftEdge on windows (9dd1f47915d02a13db5a4809f3add564)] -> xpath: (//img[@class='product-item__secondary-image'])[1]]
Session ID: 9dd1f47915d02a13db5a4809f3add564]]>
            </message>
            <full-stacktrace>
              <![CDATA[org.openqa.selenium.StaleElementReferenceException: stale element reference: stale element not found in the current frame
  (Session info: MicrosoftEdge=132.0.2957.140)
For documentation on this error, please visit: https://www.selenium.dev/documentation/webdriver/troubleshooting/errors#stale-element-reference-exception
Build info: version: '4.27.0', revision: 'd6e718d134'
System info: os.name: 'Windows 11', os.arch: 'amd64', os.version: '10.0', java.version: '21.0.3'
Driver info: org.openqa.selenium.edge.EdgeDriver
Command: [9dd1f47915d02a13db5a4809f3add564, clickElement {id=f.58CB5400B6B9F5171B8067C5E6BF6B8D.d.A7A5237DEE18F01AC8A3BE7F16B5AED0.e.376}]
Capabilities {acceptInsecureCerts: false, browserName: MicrosoftEdge, browserVersion: 132.0.2957.140, fedcm:accounts: true, ms:edgeOptions: {debuggerAddress: localhost:61717}, msedge: {msedgedriverVersion: 132.0.2957.140 (a81e27b375d..., userDataDir: C:\Users\ks114163\AppData\L...}, networkConnectionEnabled: false, pageLoadStrategy: normal, platformName: windows, proxy: Proxy(), se:cdp: ws://localhost:61717/devtoo..., se:cdpVersion: 132.0.2957.140, setWindowRect: true, strictFileInteractability: false, timeouts: {implicit: 0, pageLoad: 300000, script: 30000}, unhandledPromptBehavior: dismiss and notify, webauthn:extension:credBlob: true, webauthn:extension:largeBlob: true, webauthn:extension:minPinLength: true, webauthn:extension:prf: true, webauthn:virtualAuthenticators: true}
Element: [[EdgeDriver: MicrosoftEdge on windows (9dd1f47915d02a13db5a4809f3add564)] -> xpath: (//img[@class='product-item__secondary-image'])[1]]
Session ID: 9dd1f47915d02a13db5a4809f3add564
at java.base/jdk.internal.reflect.DirectConstructorHandleAccessor.newInstance(DirectConstructorHandleAccessor.java:62)
at java.base/java.lang.reflect.Constructor.newInstanceWithCaller(Constructor.java:502)
at java.base/java.lang.reflect.Constructor.newInstance(Constructor.java:486)
at org.openqa.selenium.remote.ErrorCodec.decode(ErrorCodec.java:167)
at org.openqa.selenium.remote.codec.w3c.W3CHttpResponseCodec.decode(W3CHttpResponseCodec.java:138)
at org.openqa.selenium.remote.codec.w3c.W3CHttpResponseCodec.decode(W3CHttpResponseCodec.java:50)
at org.openqa.selenium.remote.HttpCommandExecutor.execute(HttpCommandExecutor.java:190)
at org.openqa.selenium.remote.service.DriverCommandExecutor.invokeExecute(DriverCommandExecutor.java:216)
at org.openqa.selenium.remote.service.DriverCommandExecutor.execute(DriverCommandExecutor.java:174)
at org.openqa.selenium.remote.RemoteWebDriver.execute(RemoteWebDriver.java:545)
at org.openqa.selenium.remote.RemoteWebElement.execute(RemoteWebElement.java:223)
at org.openqa.selenium.remote.RemoteWebElement.click(RemoteWebElement.java:76)
at java.base/jdk.internal.reflect.DirectMethodHandleAccessor.invoke(DirectMethodHandleAccessor.java:103)
at java.base/java.lang.reflect.Method.invoke(Method.java:580)
at org.openqa.selenium.support.pagefactory.internal.LocatingElementHandler.invoke(LocatingElementHandler.java:51)
at jdk.proxy2/jdk.proxy2.$Proxy30.click(Unknown Source)
at pom.RoundNeckProductPage.selectProductClick(RoundNeckProductPage.java:24)
at textscripts.TC_03_CheckingPincodeTextbox.pinCodeVerification(TC_03_CheckingPincodeTextbox.java:46)
at java.base/jdk.internal.reflect.DirectMethodHandleAccessor.invoke(DirectMethodHandleAccessor.java:103)
at java.base/java.lang.reflect.Method.invoke(Method.java:580)
at org.testng.internal.MethodInvocationHelper.invokeMethod(MethodInvocationHelper.java:133)
at org.testng.internal.TestInvoker.invokeMethod(TestInvoker.java:598)
at org.testng.internal.TestInvoker.invokeTestMethod(TestInvoker.java:173)
at org.testng.internal.MethodRunner.runInSequence(MethodRunner.java:46)
at org.testng.internal.TestInvoker$MethodInvocationAgent.invoke(TestInvoker.java:824)
at org.testng.internal.TestInvoker.invokeTestMethods(TestInvoker.java:146)
at org.testng.internal.TestMethodWorker.invokeTestMethods(TestMethodWorker.java:146)
at org.testng.internal.TestMethodWorker.run(TestMethodWorker.java:128)
at java.base/java.util.ArrayList.forEach(ArrayList.java:1596)
at org.testng.TestRunner.privateRun(TestRunner.java:794)
at org.testng.TestRunner.run(TestRunner.java:596)
at org.testng.SuiteRunner.runTest(SuiteRunner.java:377)
at org.testng.SuiteRunner.runSequentially(SuiteRunner.java:371)
at org.testng.SuiteRunner.privateRun(SuiteRunner.java:332)
at org.testng.SuiteRunner.run(SuiteRunner.java:276)
at org.testng.SuiteRunnerWorker.runSuite(SuiteRunnerWorker.java:53)
at org.testng.SuiteRunnerWorker.run(SuiteRunnerWorker.java:96)
at org.testng.TestNG.runSuitesSequentially(TestNG.java:1212)
at org.testng.TestNG.runSuitesLocally(TestNG.java:1134)
at org.testng.TestNG.runSuites(TestNG.java:1063)
at org.testng.TestNG.run(TestNG.java:1031)
at org.testng.remote.AbstractRemoteTestNG.run(AbstractRemoteTestNG.java:115)
at org.testng.remote.RemoteTestNG.initAndRun(RemoteTestNG.java:293)
at org.testng.remote.RemoteTestNG.main(RemoteTestNG.java:91)
]]>
            </full-stacktrace>
          </exception> <!-- org.openqa.selenium.StaleElementReferenceException -->
          <reporter-output>
          </reporter-output>
        </test-method> <!-- pinCodeVerification -->
        <test-method is-config="true" signature="closeApp()[pri:0, instance:textscripts.TC_03_CheckingPincodeTextbox@534a5a98]" started-at="2025-02-05T16:31:20 IST" name="closeApp" finished-at="2025-02-05T16:31:23 IST" duration-ms="3199" status="PASS">
          <reporter-output>
          </reporter-output>
        </test-method> <!-- closeApp -->
      </class> <!-- textscripts.TC_03_CheckingPincodeTextbox -->
      <class name="textscripts.TC_10_SuggestionSelection">
        <test-method is-config="true" signature="openApp()[pri:0, instance:textscripts.TC_10_SuggestionSelection@3a44431a]" started-at="2025-02-05T16:00:30 IST" name="openApp" finished-at="2025-02-05T16:01:11 IST" duration-ms="41193" status="PASS">
          <reporter-output>
          </reporter-output>
        </test-method> <!-- openApp -->
        <test-method signature="checkOut()[pri:0, instance:textscripts.TC_10_SuggestionSelection@3a44431a]" started-at="2025-02-05T16:01:11 IST" name="checkOut" finished-at="2025-02-05T16:05:05 IST" duration-ms="233876" status="PASS">
          <reporter-output>
          </reporter-output>
        </test-method> <!-- checkOut -->
        <test-method is-config="true" signature="closeApp()[pri:0, instance:textscripts.TC_10_SuggestionSelection@3a44431a]" started-at="2025-02-05T16:05:05 IST" name="closeApp" finished-at="2025-02-05T16:05:08 IST" duration-ms="2159" status="PASS">
          <reporter-output>
          </reporter-output>
        </test-method> <!-- closeApp -->
      </class> <!-- textscripts.TC_10_SuggestionSelection -->
      <class name="textscripts.TC_02_AddingAndRemovingProductFromWishlist">
        <test-method is-config="true" signature="openApp()[pri:0, instance:textscripts.TC_02_AddingAndRemovingProductFromWishlist@771a660]" started-at="2025-02-05T16:05:08 IST" name="openApp" finished-at="2025-02-05T16:05:48 IST" duration-ms="40101" status="PASS">
          <reporter-output>
          </reporter-output>
        </test-method> <!-- openApp -->
        <test-method signature="addingRemovingProductFromWishlist()[pri:0, instance:textscripts.TC_02_AddingAndRemovingProductFromWishlist@771a660]" started-at="2025-02-05T16:05:48 IST" name="addingRemovingProductFromWishlist" finished-at="2025-02-05T16:07:42 IST" duration-ms="114808" status="PASS">
          <reporter-output>
          </reporter-output>
        </test-method> <!-- addingRemovingProductFromWishlist -->
        <test-method is-config="true" signature="closeApp()[pri:0, instance:textscripts.TC_02_AddingAndRemovingProductFromWishlist@771a660]" started-at="2025-02-05T16:07:42 IST" name="closeApp" finished-at="2025-02-05T16:07:44 IST" duration-ms="2053" status="PASS">
          <reporter-output>
          </reporter-output>
        </test-method> <!-- closeApp -->
      </class> <!-- textscripts.TC_02_AddingAndRemovingProductFromWishlist -->
      <class name="textscripts.TC_07_DeleteAddress">
        <test-method is-config="true" signature="openApp()[pri:0, instance:textscripts.TC_07_DeleteAddress@3527942a]" started-at="2025-02-05T16:17:29 IST" name="openApp" finished-at="2025-02-05T16:18:09 IST" duration-ms="40720" status="PASS">
          <reporter-output>
          </reporter-output>
        </test-method> <!-- openApp -->
        <test-method signature="deletingAddress()[pri:0, instance:textscripts.TC_07_DeleteAddress@3527942a]" started-at="2025-02-05T16:18:09 IST" name="deletingAddress" finished-at="2025-02-05T16:19:52 IST" duration-ms="102421" status="PASS">
          <reporter-output>
          </reporter-output>
        </test-method> <!-- deletingAddress -->
        <test-method is-config="true" signature="closeApp()[pri:0, instance:textscripts.TC_07_DeleteAddress@3527942a]" started-at="2025-02-05T16:19:52 IST" name="closeApp" finished-at="2025-02-05T16:19:53 IST" duration-ms="1840" status="PASS">
          <reporter-output>
          </reporter-output>
        </test-method> <!-- closeApp -->
      </class> <!-- textscripts.TC_07_DeleteAddress -->
    </test> <!-- Test -->
  </suite> <!-- Suite -->
</testng-results>
